[0.052s] DEBUG:colcon:Command line arguments: ['/usr/bin/colcon', 'build', '--packages-select', 'sketch2nav_control']
[0.052s] DEBUG:colcon:Parsed command line arguments: Namespace(log_base=None, log_level=None, verb_name='build', build_base='build', install_base='install', merge_install=False, symlink_install=False, test_result_base=None, continue_on_error=False, executor='parallel', parallel_workers=12, event_handlers=None, ignore_user_meta=False, metas=['./colcon.meta'], base_paths=['.'], packages_ignore=None, packages_ignore_regex=None, paths=None, packages_up_to=None, packages_up_to_regex=None, packages_above=None, packages_above_and_dependencies=None, packages_above_depth=None, packages_select_by_dep=None, packages_skip_by_dep=None, packages_skip_up_to=None, packages_select_build_failed=False, packages_skip_build_finished=False, packages_select_test_failures=False, packages_skip_test_passed=False, packages_select=['sketch2nav_control'], packages_skip=None, packages_select_regex=None, packages_skip_regex=None, packages_start=None, packages_end=None, cmake_args=None, cmake_target=None, cmake_target_skip_unavailable=False, cmake_clean_cache=False, cmake_clean_first=False, cmake_force_configure=False, ament_cmake_args=None, catkin_cmake_args=None, catkin_skip_building_tests=False, verb_parser=<colcon_defaults.argument_parser.defaults.DefaultArgumentsDecorator object at 0x7ee6c940cb30>, verb_extension=<colcon_core.verb.build.BuildVerb object at 0x7ee6c940c4d0>, main=<bound method BuildVerb.main of <colcon_core.verb.build.BuildVerb object at 0x7ee6c940c4d0>>)
[0.072s] Level 1:colcon.colcon_core.package_discovery:discover_packages(colcon_meta) check parameters
[0.072s] Level 1:colcon.colcon_core.package_discovery:discover_packages(recursive) check parameters
[0.072s] Level 1:colcon.colcon_core.package_discovery:discover_packages(ignore) check parameters
[0.072s] Level 1:colcon.colcon_core.package_discovery:discover_packages(path) check parameters
[0.072s] Level 1:colcon.colcon_core.package_discovery:discover_packages(colcon_meta) discover
[0.072s] Level 1:colcon.colcon_core.package_discovery:discover_packages(recursive) discover
[0.072s] INFO:colcon.colcon_core.package_discovery:Crawling recursively for packages in '/home/pawlak/sketch2nav/ros2ws'
[0.073s] Level 1:colcon.colcon_core.package_identification:_identify(.) by extensions ['ignore', 'ignore_ament_install']
[0.073s] Level 1:colcon.colcon_core.package_identification:_identify(.) by extension 'ignore'
[0.073s] Level 1:colcon.colcon_core.package_identification:_identify(.) by extension 'ignore_ament_install'
[0.073s] Level 1:colcon.colcon_core.package_identification:_identify(.) by extensions ['colcon_pkg']
[0.073s] Level 1:colcon.colcon_core.package_identification:_identify(.) by extension 'colcon_pkg'
[0.073s] Level 1:colcon.colcon_core.package_identification:_identify(.) by extensions ['colcon_meta']
[0.073s] Level 1:colcon.colcon_core.package_identification:_identify(.) by extension 'colcon_meta'
[0.073s] Level 1:colcon.colcon_core.package_identification:_identify(.) by extensions ['ros']
[0.073s] Level 1:colcon.colcon_core.package_identification:_identify(.) by extension 'ros'
[0.087s] Level 1:colcon.colcon_core.package_identification:_identify(.) by extensions ['cmake', 'python']
[0.087s] Level 1:colcon.colcon_core.package_identification:_identify(.) by extension 'cmake'
[0.087s] Level 1:colcon.colcon_core.package_identification:_identify(.) by extension 'python'
[0.087s] Level 1:colcon.colcon_core.package_identification:_identify(.) by extensions ['python_setup_py']
[0.087s] Level 1:colcon.colcon_core.package_identification:_identify(.) by extension 'python_setup_py'
[0.087s] Level 1:colcon.colcon_core.package_identification:_identify(build) by extensions ['ignore', 'ignore_ament_install']
[0.087s] Level 1:colcon.colcon_core.package_identification:_identify(build) by extension 'ignore'
[0.087s] Level 1:colcon.colcon_core.package_identification:_identify(build) ignored
[0.087s] Level 1:colcon.colcon_core.package_identification:_identify(install) by extensions ['ignore', 'ignore_ament_install']
[0.088s] Level 1:colcon.colcon_core.package_identification:_identify(install) by extension 'ignore'
[0.088s] Level 1:colcon.colcon_core.package_identification:_identify(install) ignored
[0.088s] Level 1:colcon.colcon_core.package_identification:_identify(log) by extensions ['ignore', 'ignore_ament_install']
[0.088s] Level 1:colcon.colcon_core.package_identification:_identify(log) by extension 'ignore'
[0.088s] Level 1:colcon.colcon_core.package_identification:_identify(log) ignored
[0.088s] Level 1:colcon.colcon_core.package_identification:_identify(src) by extensions ['ignore', 'ignore_ament_install']
[0.088s] Level 1:colcon.colcon_core.package_identification:_identify(src) by extension 'ignore'
[0.088s] Level 1:colcon.colcon_core.package_identification:_identify(src) by extension 'ignore_ament_install'
[0.088s] Level 1:colcon.colcon_core.package_identification:_identify(src) by extensions ['colcon_pkg']
[0.088s] Level 1:colcon.colcon_core.package_identification:_identify(src) by extension 'colcon_pkg'
[0.088s] Level 1:colcon.colcon_core.package_identification:_identify(src) by extensions ['colcon_meta']
[0.088s] Level 1:colcon.colcon_core.package_identification:_identify(src) by extension 'colcon_meta'
[0.088s] Level 1:colcon.colcon_core.package_identification:_identify(src) by extensions ['ros']
[0.088s] Level 1:colcon.colcon_core.package_identification:_identify(src) by extension 'ros'
[0.088s] Level 1:colcon.colcon_core.package_identification:_identify(src) by extensions ['cmake', 'python']
[0.088s] Level 1:colcon.colcon_core.package_identification:_identify(src) by extension 'cmake'
[0.088s] Level 1:colcon.colcon_core.package_identification:_identify(src) by extension 'python'
[0.088s] Level 1:colcon.colcon_core.package_identification:_identify(src) by extensions ['python_setup_py']
[0.088s] Level 1:colcon.colcon_core.package_identification:_identify(src) by extension 'python_setup_py'
[0.088s] Level 1:colcon.colcon_core.package_identification:_identify(src/build) by extensions ['ignore', 'ignore_ament_install']
[0.088s] Level 1:colcon.colcon_core.package_identification:_identify(src/build) by extension 'ignore'
[0.088s] Level 1:colcon.colcon_core.package_identification:_identify(src/build) ignored
[0.088s] Level 1:colcon.colcon_core.package_identification:_identify(src/demo_gazebo) by extensions ['ignore', 'ignore_ament_install']
[0.088s] Level 1:colcon.colcon_core.package_identification:_identify(src/demo_gazebo) by extension 'ignore'
[0.088s] Level 1:colcon.colcon_core.package_identification:_identify(src/demo_gazebo) by extension 'ignore_ament_install'
[0.088s] Level 1:colcon.colcon_core.package_identification:_identify(src/demo_gazebo) by extensions ['colcon_pkg']
[0.088s] Level 1:colcon.colcon_core.package_identification:_identify(src/demo_gazebo) by extension 'colcon_pkg'
[0.088s] Level 1:colcon.colcon_core.package_identification:_identify(src/demo_gazebo) by extensions ['colcon_meta']
[0.088s] Level 1:colcon.colcon_core.package_identification:_identify(src/demo_gazebo) by extension 'colcon_meta'
[0.088s] Level 1:colcon.colcon_core.package_identification:_identify(src/demo_gazebo) by extensions ['ros']
[0.088s] Level 1:colcon.colcon_core.package_identification:_identify(src/demo_gazebo) by extension 'ros'
[0.089s] DEBUG:colcon.colcon_core.package_identification:Package 'src/demo_gazebo' with type 'ros.ament_python' and name 'demo_gazebo'
[0.089s] Level 1:colcon.colcon_core.package_identification:_identify(src/demo_teleop) by extensions ['ignore', 'ignore_ament_install']
[0.090s] Level 1:colcon.colcon_core.package_identification:_identify(src/demo_teleop) by extension 'ignore'
[0.090s] Level 1:colcon.colcon_core.package_identification:_identify(src/demo_teleop) by extension 'ignore_ament_install'
[0.090s] Level 1:colcon.colcon_core.package_identification:_identify(src/demo_teleop) by extensions ['colcon_pkg']
[0.090s] Level 1:colcon.colcon_core.package_identification:_identify(src/demo_teleop) by extension 'colcon_pkg'
[0.090s] Level 1:colcon.colcon_core.package_identification:_identify(src/demo_teleop) by extensions ['colcon_meta']
[0.090s] Level 1:colcon.colcon_core.package_identification:_identify(src/demo_teleop) by extension 'colcon_meta'
[0.090s] Level 1:colcon.colcon_core.package_identification:_identify(src/demo_teleop) by extensions ['ros']
[0.090s] Level 1:colcon.colcon_core.package_identification:_identify(src/demo_teleop) by extension 'ros'
[0.090s] DEBUG:colcon.colcon_core.package_identification:Package 'src/demo_teleop' with type 'ros.ament_python' and name 'demo_teleop'
[0.090s] Level 1:colcon.colcon_core.package_identification:_identify(src/install) by extensions ['ignore', 'ignore_ament_install']
[0.090s] Level 1:colcon.colcon_core.package_identification:_identify(src/install) by extension 'ignore'
[0.090s] Level 1:colcon.colcon_core.package_identification:_identify(src/install) ignored
[0.090s] Level 1:colcon.colcon_core.package_identification:_identify(src/log) by extensions ['ignore', 'ignore_ament_install']
[0.090s] Level 1:colcon.colcon_core.package_identification:_identify(src/log) by extension 'ignore'
[0.090s] Level 1:colcon.colcon_core.package_identification:_identify(src/log) ignored
[0.090s] Level 1:colcon.colcon_core.package_identification:_identify(src/sketch2nav_bringup) by extensions ['ignore', 'ignore_ament_install']
[0.090s] Level 1:colcon.colcon_core.package_identification:_identify(src/sketch2nav_bringup) by extension 'ignore'
[0.090s] Level 1:colcon.colcon_core.package_identification:_identify(src/sketch2nav_bringup) by extension 'ignore_ament_install'
[0.090s] Level 1:colcon.colcon_core.package_identification:_identify(src/sketch2nav_bringup) by extensions ['colcon_pkg']
[0.090s] Level 1:colcon.colcon_core.package_identification:_identify(src/sketch2nav_bringup) by extension 'colcon_pkg'
[0.090s] Level 1:colcon.colcon_core.package_identification:_identify(src/sketch2nav_bringup) by extensions ['colcon_meta']
[0.090s] Level 1:colcon.colcon_core.package_identification:_identify(src/sketch2nav_bringup) by extension 'colcon_meta'
[0.090s] Level 1:colcon.colcon_core.package_identification:_identify(src/sketch2nav_bringup) by extensions ['ros']
[0.090s] Level 1:colcon.colcon_core.package_identification:_identify(src/sketch2nav_bringup) by extension 'ros'
[0.091s] DEBUG:colcon.colcon_core.package_identification:Package 'src/sketch2nav_bringup' with type 'ros.ament_python' and name 'sketch2nav_bringup'
[0.091s] Level 1:colcon.colcon_core.package_identification:_identify(src/sketch2nav_control) by extensions ['ignore', 'ignore_ament_install']
[0.091s] Level 1:colcon.colcon_core.package_identification:_identify(src/sketch2nav_control) by extension 'ignore'
[0.091s] Level 1:colcon.colcon_core.package_identification:_identify(src/sketch2nav_control) by extension 'ignore_ament_install'
[0.091s] Level 1:colcon.colcon_core.package_identification:_identify(src/sketch2nav_control) by extensions ['colcon_pkg']
[0.091s] Level 1:colcon.colcon_core.package_identification:_identify(src/sketch2nav_control) by extension 'colcon_pkg'
[0.091s] Level 1:colcon.colcon_core.package_identification:_identify(src/sketch2nav_control) by extensions ['colcon_meta']
[0.091s] Level 1:colcon.colcon_core.package_identification:_identify(src/sketch2nav_control) by extension 'colcon_meta'
[0.091s] Level 1:colcon.colcon_core.package_identification:_identify(src/sketch2nav_control) by extensions ['ros']
[0.091s] Level 1:colcon.colcon_core.package_identification:_identify(src/sketch2nav_control) by extension 'ros'
[0.092s] DEBUG:colcon.colcon_core.package_identification:Package 'src/sketch2nav_control' with type 'ros.ament_python' and name 'sketch2nav_control'
[0.092s] Level 1:colcon.colcon_core.package_discovery:discover_packages(recursive) using defaults
[0.092s] Level 1:colcon.colcon_core.package_discovery:discover_packages(ignore) discover
[0.092s] Level 1:colcon.colcon_core.package_discovery:discover_packages(ignore) using defaults
[0.092s] Level 1:colcon.colcon_core.package_discovery:discover_packages(path) discover
[0.092s] Level 1:colcon.colcon_core.package_discovery:discover_packages(path) using defaults
[0.102s] INFO:colcon.colcon_core.package_selection:Skipping not selected package 'demo_gazebo' in 'src/demo_gazebo'
[0.102s] INFO:colcon.colcon_core.package_selection:Skipping not selected package 'demo_teleop' in 'src/demo_teleop'
[0.102s] INFO:colcon.colcon_core.package_selection:Skipping not selected package 'sketch2nav_bringup' in 'src/sketch2nav_bringup'
[0.102s] Level 5:colcon.colcon_core.verb:set package 'sketch2nav_control' build argument 'cmake_args' from command line to 'None'
[0.102s] Level 5:colcon.colcon_core.verb:set package 'sketch2nav_control' build argument 'cmake_target' from command line to 'None'
[0.102s] Level 5:colcon.colcon_core.verb:set package 'sketch2nav_control' build argument 'cmake_target_skip_unavailable' from command line to 'False'
[0.102s] Level 5:colcon.colcon_core.verb:set package 'sketch2nav_control' build argument 'cmake_clean_cache' from command line to 'False'
[0.102s] Level 5:colcon.colcon_core.verb:set package 'sketch2nav_control' build argument 'cmake_clean_first' from command line to 'False'
[0.102s] Level 5:colcon.colcon_core.verb:set package 'sketch2nav_control' build argument 'cmake_force_configure' from command line to 'False'
[0.102s] Level 5:colcon.colcon_core.verb:set package 'sketch2nav_control' build argument 'ament_cmake_args' from command line to 'None'
[0.102s] Level 5:colcon.colcon_core.verb:set package 'sketch2nav_control' build argument 'catkin_cmake_args' from command line to 'None'
[0.102s] Level 5:colcon.colcon_core.verb:set package 'sketch2nav_control' build argument 'catkin_skip_building_tests' from command line to 'False'
[0.102s] DEBUG:colcon.colcon_core.verb:Building package 'sketch2nav_control' with the following arguments: {'ament_cmake_args': None, 'build_base': '/home/pawlak/sketch2nav/ros2ws/build/sketch2nav_control', 'catkin_cmake_args': None, 'catkin_skip_building_tests': False, 'cmake_args': None, 'cmake_clean_cache': False, 'cmake_clean_first': False, 'cmake_force_configure': False, 'cmake_target': None, 'cmake_target_skip_unavailable': False, 'install_base': '/home/pawlak/sketch2nav/ros2ws/install/sketch2nav_control', 'merge_install': False, 'path': '/home/pawlak/sketch2nav/ros2ws/src/sketch2nav_control', 'symlink_install': False, 'test_result_base': None}
[0.102s] INFO:colcon.colcon_core.executor:Executing jobs using 'parallel' executor
[0.103s] DEBUG:colcon.colcon_parallel_executor.executor.parallel:run_until_complete
[0.103s] INFO:colcon.colcon_ros.task.ament_python.build:Building ROS package in '/home/pawlak/sketch2nav/ros2ws/src/sketch2nav_control' with build type 'ament_python'
[0.103s] Level 1:colcon.colcon_core.shell:create_environment_hook('sketch2nav_control', 'ament_prefix_path')
[0.104s] INFO:colcon.colcon_core.plugin_system:Skipping extension 'colcon_core.shell.bat': Not used on non-Windows systems
[0.104s] INFO:colcon.colcon_core.shell:Creating environment descriptor '/home/pawlak/sketch2nav/ros2ws/install/sketch2nav_control/share/sketch2nav_control/hook/ament_prefix_path.dsv'
[0.105s] INFO:colcon.colcon_core.shell:Creating environment hook '/home/pawlak/sketch2nav/ros2ws/install/sketch2nav_control/share/sketch2nav_control/hook/ament_prefix_path.sh'
[0.105s] DEBUG:colcon.colcon_core.shell:Skip shell extension 'dsv' for command environment
[0.203s] INFO:colcon.colcon_core.task.python.build:Building Python package in '/home/pawlak/sketch2nav/ros2ws/src/sketch2nav_control'
[0.203s] DEBUG:colcon.colcon_core.shell:Skip shell extension 'dsv' for command environment
[0.408s] DEBUG:colcon.colcon_core.event_handler.log_command:Invoking command in '/home/pawlak/sketch2nav/ros2ws/src/sketch2nav_control': DEBUGINFOD_URLS=https://debuginfod.ubuntu.com PYTHONPATH=/home/pawlak/sketch2nav/ros2ws/build/sketch2nav_control/prefix_override:/usr/lib/python3/dist-packages/colcon_core/task/python/colcon_distutils_commands:/home/pawlak/sketch2nav/ros2ws/install/sketch2nav_control/lib/python3.12/site-packages:${PYTHONPATH} /usr/bin/python3 -W ignore:setup.py install is deprecated -W ignore:easy_install command is deprecated setup.py egg_info --egg-base ../../build/sketch2nav_control build --build-base /home/pawlak/sketch2nav/ros2ws/build/sketch2nav_control/build install --record /home/pawlak/sketch2nav/ros2ws/build/sketch2nav_control/install.log --single-version-externally-managed install_data
[0.594s] DEBUG:colcon.colcon_core.event_handler.log_command:Invoked command in '/home/pawlak/sketch2nav/ros2ws/src/sketch2nav_control' returned '0': DEBUGINFOD_URLS=https://debuginfod.ubuntu.com PYTHONPATH=/home/pawlak/sketch2nav/ros2ws/build/sketch2nav_control/prefix_override:/usr/lib/python3/dist-packages/colcon_core/task/python/colcon_distutils_commands:/home/pawlak/sketch2nav/ros2ws/install/sketch2nav_control/lib/python3.12/site-packages:${PYTHONPATH} /usr/bin/python3 -W ignore:setup.py install is deprecated -W ignore:easy_install command is deprecated setup.py egg_info --egg-base ../../build/sketch2nav_control build --build-base /home/pawlak/sketch2nav/ros2ws/build/sketch2nav_control/build install --record /home/pawlak/sketch2nav/ros2ws/build/sketch2nav_control/install.log --single-version-externally-managed install_data
[0.595s] Level 1:colcon.colcon_core.environment:checking '/home/pawlak/sketch2nav/ros2ws/install/sketch2nav_control' for CMake module files
[0.595s] Level 1:colcon.colcon_core.environment:checking '/home/pawlak/sketch2nav/ros2ws/install/sketch2nav_control' for CMake config files
[0.596s] Level 1:colcon.colcon_core.environment:checking '/home/pawlak/sketch2nav/ros2ws/install/sketch2nav_control/lib'
[0.596s] Level 1:colcon.colcon_core.environment:checking '/home/pawlak/sketch2nav/ros2ws/install/sketch2nav_control/bin'
[0.596s] Level 1:colcon.colcon_core.environment:checking '/home/pawlak/sketch2nav/ros2ws/install/sketch2nav_control/lib/pkgconfig/sketch2nav_control.pc'
[0.596s] Level 1:colcon.colcon_core.environment:checking '/home/pawlak/sketch2nav/ros2ws/install/sketch2nav_control/lib/python3.12/site-packages'
[0.596s] Level 1:colcon.colcon_core.shell:create_environment_hook('sketch2nav_control', 'pythonpath')
[0.596s] INFO:colcon.colcon_core.shell:Creating environment descriptor '/home/pawlak/sketch2nav/ros2ws/install/sketch2nav_control/share/sketch2nav_control/hook/pythonpath.dsv'
[0.596s] INFO:colcon.colcon_core.shell:Creating environment hook '/home/pawlak/sketch2nav/ros2ws/install/sketch2nav_control/share/sketch2nav_control/hook/pythonpath.sh'
[0.597s] Level 1:colcon.colcon_core.environment:checking '/home/pawlak/sketch2nav/ros2ws/install/sketch2nav_control/bin'
[0.597s] Level 1:colcon.colcon_core.environment:create_environment_scripts_only(sketch2nav_control)
[0.597s] INFO:colcon.colcon_core.shell:Creating package descriptor '/home/pawlak/sketch2nav/ros2ws/install/sketch2nav_control/share/sketch2nav_control/package.dsv'
[0.597s] INFO:colcon.colcon_core.shell:Creating package script '/home/pawlak/sketch2nav/ros2ws/install/sketch2nav_control/share/sketch2nav_control/package.sh'
[0.597s] INFO:colcon.colcon_core.shell:Creating package script '/home/pawlak/sketch2nav/ros2ws/install/sketch2nav_control/share/sketch2nav_control/package.bash'
[0.597s] INFO:colcon.colcon_core.shell:Creating package script '/home/pawlak/sketch2nav/ros2ws/install/sketch2nav_control/share/sketch2nav_control/package.zsh'
[0.598s] Level 1:colcon.colcon_core.environment:create_file_with_runtime_dependencies(/home/pawlak/sketch2nav/ros2ws/install/sketch2nav_control/share/colcon-core/packages/sketch2nav_control)
[0.598s] DEBUG:colcon.colcon_parallel_executor.executor.parallel:closing loop
[0.598s] DEBUG:colcon.colcon_parallel_executor.executor.parallel:loop closed
[0.598s] DEBUG:colcon.colcon_parallel_executor.executor.parallel:run_until_complete finished with '0'
[0.598s] DEBUG:colcon.colcon_core.event_reactor:joining thread
[0.600s] INFO:colcon.colcon_core.plugin_system:Skipping extension 'colcon_notification.desktop_notification.terminal_notifier': Not used on non-Darwin systems
[0.600s] INFO:colcon.colcon_core.plugin_system:Skipping extension 'colcon_notification.desktop_notification.win32': Not used on non-Windows systems
[0.600s] INFO:colcon.colcon_notification.desktop_notification:Sending desktop notification using 'notify2'
[0.615s] DEBUG:colcon.colcon_core.event_reactor:joined thread
[0.615s] INFO:colcon.colcon_core.shell:Creating prefix script '/home/pawlak/sketch2nav/ros2ws/install/local_setup.sh'
[0.616s] INFO:colcon.colcon_core.shell:Creating prefix util module '/home/pawlak/sketch2nav/ros2ws/install/_local_setup_util_sh.py'
[0.616s] INFO:colcon.colcon_core.shell:Creating prefix chain script '/home/pawlak/sketch2nav/ros2ws/install/setup.sh'
[0.617s] INFO:colcon.colcon_core.shell:Creating prefix script '/home/pawlak/sketch2nav/ros2ws/install/local_setup.bash'
[0.617s] INFO:colcon.colcon_core.shell:Creating prefix chain script '/home/pawlak/sketch2nav/ros2ws/install/setup.bash'
[0.617s] INFO:colcon.colcon_core.shell:Creating prefix script '/home/pawlak/sketch2nav/ros2ws/install/local_setup.zsh'
[0.617s] INFO:colcon.colcon_core.shell:Creating prefix chain script '/home/pawlak/sketch2nav/ros2ws/install/setup.zsh'
