[0.310s] Invoking command in '/home/pawlak/sketch2nav/ros2ws/src/sketch2nav_bringup': DEBUGINFOD_URLS=https://debuginfod.ubuntu.com PYTHONPATH=/home/pawlak/sketch2nav/ros2ws/build/sketch2nav_bringup/prefix_override:/usr/lib/python3/dist-packages/colcon_core/task/python/colcon_distutils_commands:/home/pawlak/sketch2nav/ros2ws/install/sketch2nav_bringup/lib/python3.12/site-packages:${PYTHONPATH} /usr/bin/python3 -W ignore:setup.py install is deprecated -W ignore:easy_install command is deprecated setup.py egg_info --egg-base ../../build/sketch2nav_bringup build --build-base /home/pawlak/sketch2nav/ros2ws/build/sketch2nav_bringup/build install --record /home/pawlak/sketch2nav/ros2ws/build/sketch2nav_bringup/install.log --single-version-externally-managed install_data
[0.402s] running egg_info
[0.408s] writing ../../build/sketch2nav_bringup/sketch2nav_bringup.egg-info/PKG-INFO
[0.408s] writing dependency_links to ../../build/sketch2nav_bringup/sketch2nav_bringup.egg-info/dependency_links.txt
[0.408s] writing requirements to ../../build/sketch2nav_bringup/sketch2nav_bringup.egg-info/requires.txt
[0.408s] writing top-level names to ../../build/sketch2nav_bringup/sketch2nav_bringup.egg-info/top_level.txt
[0.419s] reading manifest file '../../build/sketch2nav_bringup/sketch2nav_bringup.egg-info/SOURCES.txt'
[0.420s] writing manifest file '../../build/sketch2nav_bringup/sketch2nav_bringup.egg-info/SOURCES.txt'
[0.420s] running build
[0.420s] running build_py
[0.420s] running install
[0.423s] running install_lib
[0.429s] running install_data
[0.429s] copying launch/bringup.launch.py -> /home/pawlak/sketch2nav/ros2ws/install/sketch2nav_bringup/share/sketch2nav_bringup/launch
[0.429s] running install_egg_info
[0.435s] removing '/home/pawlak/sketch2nav/ros2ws/install/sketch2nav_bringup/lib/python3.12/site-packages/sketch2nav_bringup-0.1.0-py3.12.egg-info' (and everything under it)
[0.435s] Copying ../../build/sketch2nav_bringup/sketch2nav_bringup.egg-info to /home/pawlak/sketch2nav/ros2ws/install/sketch2nav_bringup/lib/python3.12/site-packages/sketch2nav_bringup-0.1.0-py3.12.egg-info
[0.435s] running install_scripts
[0.478s] writing list of installed files to '/home/pawlak/sketch2nav/ros2ws/build/sketch2nav_bringup/install.log'
[0.491s] Invoked command in '/home/pawlak/sketch2nav/ros2ws/src/sketch2nav_bringup' returned '0': DEBUGINFOD_URLS=https://debuginfod.ubuntu.com PYTHONPATH=/home/pawlak/sketch2nav/ros2ws/build/sketch2nav_bringup/prefix_override:/usr/lib/python3/dist-packages/colcon_core/task/python/colcon_distutils_commands:/home/pawlak/sketch2nav/ros2ws/install/sketch2nav_bringup/lib/python3.12/site-packages:${PYTHONPATH} /usr/bin/python3 -W ignore:setup.py install is deprecated -W ignore:easy_install command is deprecated setup.py egg_info --egg-base ../../build/sketch2nav_bringup build --build-base /home/pawlak/sketch2nav/ros2ws/build/sketch2nav_bringup/build install --record /home/pawlak/sketch2nav/ros2ws/build/sketch2nav_bringup/install.log --single-version-externally-managed install_data
