running egg_info
creating ../build/sketch2nav_control/sketch2nav_control.egg-info
writing ../build/sketch2nav_control/sketch2nav_control.egg-info/PKG-INFO
writing dependency_links to ../build/sketch2nav_control/sketch2nav_control.egg-info/dependency_links.txt
writing requirements to ../build/sketch2nav_control/sketch2nav_control.egg-info/requires.txt
writing top-level names to ../build/sketch2nav_control/sketch2nav_control.egg-info/top_level.txt
writing manifest file '../build/sketch2nav_control/sketch2nav_control.egg-info/SOURCES.txt'
reading manifest file '../build/sketch2nav_control/sketch2nav_control.egg-info/SOURCES.txt'
writing manifest file '../build/sketch2nav_control/sketch2nav_control.egg-info/SOURCES.txt'
running build
running build_py
creating /home/pawlak/sketch2nav/ros2ws/build/sketch2nav_control/build
creating /home/pawlak/sketch2nav/ros2ws/build/sketch2nav_control/build/lib
creating /home/pawlak/sketch2nav/ros2ws/build/sketch2nav_control/build/lib/sketch2nav_control
copying sketch2nav_control/__init__.py -> /home/pawlak/sketch2nav/ros2ws/build/sketch2nav_control/build/lib/sketch2nav_control
running install
running install_lib
creating /home/pawlak/sketch2nav/ros2ws/install/sketch2nav_control/lib/python3.12/site-packages/sketch2nav_control
copying /home/pawlak/sketch2nav/ros2ws/build/sketch2nav_control/build/lib/sketch2nav_control/__init__.py -> /home/pawlak/sketch2nav/ros2ws/install/sketch2nav_control/lib/python3.12/site-packages/sketch2nav_control
byte-compiling /home/pawlak/sketch2nav/ros2ws/install/sketch2nav_control/lib/python3.12/site-packages/sketch2nav_control/__init__.py to __init__.cpython-312.pyc
running install_data
creating /home/pawlak/sketch2nav/ros2ws/install/sketch2nav_control/share/ament_index
creating /home/pawlak/sketch2nav/ros2ws/install/sketch2nav_control/share/ament_index/resource_index
creating /home/pawlak/sketch2nav/ros2ws/install/sketch2nav_control/share/ament_index/resource_index/packages
copying resource/sketch2nav_control -> /home/pawlak/sketch2nav/ros2ws/install/sketch2nav_control/share/ament_index/resource_index/packages
copying package.xml -> /home/pawlak/sketch2nav/ros2ws/install/sketch2nav_control/share/sketch2nav_control
running install_egg_info
Copying ../build/sketch2nav_control/sketch2nav_control.egg-info to /home/pawlak/sketch2nav/ros2ws/install/sketch2nav_control/lib/python3.12/site-packages/sketch2nav_control-0.0.0-py3.12.egg-info
running install_scripts
writing list of installed files to '/home/pawlak/sketch2nav/ros2ws/build/sketch2nav_control/install.log'
