[0.311s] Invoking command in '/home/pawlak/sketch2nav/ros2ws/sketch2nav_control': DEBUGINFOD_URLS=https://debuginfod.ubuntu.com PYTHONPATH=/home/pawlak/sketch2nav/ros2ws/build/sketch2nav_control/prefix_override:/usr/lib/python3/dist-packages/colcon_core/task/python/colcon_distutils_commands:/home/pawlak/sketch2nav/ros2ws/install/sketch2nav_control/lib/python3.12/site-packages:${PYTHONPATH} /usr/bin/python3 -W ignore:setup.py install is deprecated -W ignore:easy_install command is deprecated setup.py egg_info --egg-base ../build/sketch2nav_control build --build-base /home/pawlak/sketch2nav/ros2ws/build/sketch2nav_control/build install --record /home/pawlak/sketch2nav/ros2ws/build/sketch2nav_control/install.log --single-version-externally-managed install_data
[0.403s] running egg_info
[0.403s] creating ../build/sketch2nav_control/sketch2nav_control.egg-info
[0.409s] writing ../build/sketch2nav_control/sketch2nav_control.egg-info/PKG-INFO
[0.409s] writing dependency_links to ../build/sketch2nav_control/sketch2nav_control.egg-info/dependency_links.txt
[0.409s] writing requirements to ../build/sketch2nav_control/sketch2nav_control.egg-info/requires.txt
[0.409s] writing top-level names to ../build/sketch2nav_control/sketch2nav_control.egg-info/top_level.txt
[0.409s] writing manifest file '../build/sketch2nav_control/sketch2nav_control.egg-info/SOURCES.txt'
[0.420s] reading manifest file '../build/sketch2nav_control/sketch2nav_control.egg-info/SOURCES.txt'
[0.420s] writing manifest file '../build/sketch2nav_control/sketch2nav_control.egg-info/SOURCES.txt'
[0.420s] running build
[0.420s] running build_py
[0.420s] creating /home/pawlak/sketch2nav/ros2ws/build/sketch2nav_control/build
[0.421s] creating /home/pawlak/sketch2nav/ros2ws/build/sketch2nav_control/build/lib
[0.421s] creating /home/pawlak/sketch2nav/ros2ws/build/sketch2nav_control/build/lib/sketch2nav_control
[0.421s] copying sketch2nav_control/__init__.py -> /home/pawlak/sketch2nav/ros2ws/build/sketch2nav_control/build/lib/sketch2nav_control
[0.421s] running install
[0.423s] running install_lib
[0.429s] creating /home/pawlak/sketch2nav/ros2ws/install/sketch2nav_control/lib/python3.12/site-packages/sketch2nav_control
[0.429s] copying /home/pawlak/sketch2nav/ros2ws/build/sketch2nav_control/build/lib/sketch2nav_control/__init__.py -> /home/pawlak/sketch2nav/ros2ws/install/sketch2nav_control/lib/python3.12/site-packages/sketch2nav_control
[0.429s] byte-compiling /home/pawlak/sketch2nav/ros2ws/install/sketch2nav_control/lib/python3.12/site-packages/sketch2nav_control/__init__.py to __init__.cpython-312.pyc
[0.429s] running install_data
[0.430s] creating /home/pawlak/sketch2nav/ros2ws/install/sketch2nav_control/share/ament_index
[0.430s] creating /home/pawlak/sketch2nav/ros2ws/install/sketch2nav_control/share/ament_index/resource_index
[0.430s] creating /home/pawlak/sketch2nav/ros2ws/install/sketch2nav_control/share/ament_index/resource_index/packages
[0.430s] copying resource/sketch2nav_control -> /home/pawlak/sketch2nav/ros2ws/install/sketch2nav_control/share/ament_index/resource_index/packages
[0.430s] copying package.xml -> /home/pawlak/sketch2nav/ros2ws/install/sketch2nav_control/share/sketch2nav_control
[0.430s] running install_egg_info
[0.436s] Copying ../build/sketch2nav_control/sketch2nav_control.egg-info to /home/pawlak/sketch2nav/ros2ws/install/sketch2nav_control/lib/python3.12/site-packages/sketch2nav_control-0.0.0-py3.12.egg-info
[0.436s] running install_scripts
[0.479s] writing list of installed files to '/home/pawlak/sketch2nav/ros2ws/build/sketch2nav_control/install.log'
[0.491s] Invoked command in '/home/pawlak/sketch2nav/ros2ws/sketch2nav_control' returned '0': DEBUGINFOD_URLS=https://debuginfod.ubuntu.com PYTHONPATH=/home/pawlak/sketch2nav/ros2ws/build/sketch2nav_control/prefix_override:/usr/lib/python3/dist-packages/colcon_core/task/python/colcon_distutils_commands:/home/pawlak/sketch2nav/ros2ws/install/sketch2nav_control/lib/python3.12/site-packages:${PYTHONPATH} /usr/bin/python3 -W ignore:setup.py install is deprecated -W ignore:easy_install command is deprecated setup.py egg_info --egg-base ../build/sketch2nav_control build --build-base /home/pawlak/sketch2nav/ros2ws/build/sketch2nav_control/build install --record /home/pawlak/sketch2nav/ros2ws/build/sketch2nav_control/install.log --single-version-externally-managed install_data
