[0.048s] DEBUG:colcon:Command line arguments: ['/usr/bin/colcon', 'build', '--symlink-install']
[0.048s] DEBUG:colcon:Parsed command line arguments: Namespace(log_base=None, log_level=None, verb_name='build', build_base='build', install_base='install', merge_install=False, symlink_install=True, test_result_base=None, continue_on_error=False, executor='parallel', parallel_workers=12, event_handlers=None, ignore_user_meta=False, metas=['./colcon.meta'], base_paths=['.'], packages_ignore=None, packages_ignore_regex=None, paths=None, packages_up_to=None, packages_up_to_regex=None, packages_above=None, packages_above_and_dependencies=None, packages_above_depth=None, packages_select_by_dep=None, packages_skip_by_dep=None, packages_skip_up_to=None, packages_select_build_failed=False, packages_skip_build_finished=False, packages_select_test_failures=False, packages_skip_test_passed=False, packages_select=None, packages_skip=None, packages_select_regex=None, packages_skip_regex=None, packages_start=None, packages_end=None, cmake_args=None, cmake_target=None, cmake_target_skip_unavailable=False, cmake_clean_cache=False, cmake_clean_first=False, cmake_force_configure=False, ament_cmake_args=None, catkin_cmake_args=None, catkin_skip_building_tests=False, verb_parser=<colcon_defaults.argument_parser.defaults.DefaultArgumentsDecorator object at 0x73b9741f7ef0>, verb_extension=<colcon_core.verb.build.BuildVerb object at 0x73b9741f78c0>, main=<bound method BuildVerb.main of <colcon_core.verb.build.BuildVerb object at 0x73b9741f78c0>>)
[0.067s] Level 1:colcon.colcon_core.package_discovery:discover_packages(colcon_meta) check parameters
[0.067s] Level 1:colcon.colcon_core.package_discovery:discover_packages(recursive) check parameters
[0.067s] Level 1:colcon.colcon_core.package_discovery:discover_packages(ignore) check parameters
[0.067s] Level 1:colcon.colcon_core.package_discovery:discover_packages(path) check parameters
[0.067s] Level 1:colcon.colcon_core.package_discovery:discover_packages(colcon_meta) discover
[0.067s] Level 1:colcon.colcon_core.package_discovery:discover_packages(recursive) discover
[0.067s] INFO:colcon.colcon_core.package_discovery:Crawling recursively for packages in '/home/pawlak/sketch2nav/ros2ws'
[0.067s] Level 1:colcon.colcon_core.package_identification:_identify(.) by extensions ['ignore', 'ignore_ament_install']
[0.067s] Level 1:colcon.colcon_core.package_identification:_identify(.) by extension 'ignore'
[0.068s] Level 1:colcon.colcon_core.package_identification:_identify(.) by extension 'ignore_ament_install'
[0.068s] Level 1:colcon.colcon_core.package_identification:_identify(.) by extensions ['colcon_pkg']
[0.068s] Level 1:colcon.colcon_core.package_identification:_identify(.) by extension 'colcon_pkg'
[0.068s] Level 1:colcon.colcon_core.package_identification:_identify(.) by extensions ['colcon_meta']
[0.068s] Level 1:colcon.colcon_core.package_identification:_identify(.) by extension 'colcon_meta'
[0.068s] Level 1:colcon.colcon_core.package_identification:_identify(.) by extensions ['ros']
[0.068s] Level 1:colcon.colcon_core.package_identification:_identify(.) by extension 'ros'
[0.081s] Level 1:colcon.colcon_core.package_identification:_identify(.) by extensions ['cmake', 'python']
[0.081s] Level 1:colcon.colcon_core.package_identification:_identify(.) by extension 'cmake'
[0.081s] Level 1:colcon.colcon_core.package_identification:_identify(.) by extension 'python'
[0.081s] Level 1:colcon.colcon_core.package_identification:_identify(.) by extensions ['python_setup_py']
[0.081s] Level 1:colcon.colcon_core.package_identification:_identify(.) by extension 'python_setup_py'
[0.081s] Level 1:colcon.colcon_core.package_identification:_identify(build) by extensions ['ignore', 'ignore_ament_install']
[0.081s] Level 1:colcon.colcon_core.package_identification:_identify(build) by extension 'ignore'
[0.081s] Level 1:colcon.colcon_core.package_identification:_identify(build) ignored
[0.081s] Level 1:colcon.colcon_core.package_identification:_identify(install) by extensions ['ignore', 'ignore_ament_install']
[0.082s] Level 1:colcon.colcon_core.package_identification:_identify(install) by extension 'ignore'
[0.082s] Level 1:colcon.colcon_core.package_identification:_identify(install) ignored
[0.082s] Level 1:colcon.colcon_core.package_identification:_identify(log) by extensions ['ignore', 'ignore_ament_install']
[0.082s] Level 1:colcon.colcon_core.package_identification:_identify(log) by extension 'ignore'
[0.082s] Level 1:colcon.colcon_core.package_identification:_identify(log) ignored
[0.082s] Level 1:colcon.colcon_core.package_identification:_identify(src) by extensions ['ignore', 'ignore_ament_install']
[0.082s] Level 1:colcon.colcon_core.package_identification:_identify(src) by extension 'ignore'
[0.082s] Level 1:colcon.colcon_core.package_identification:_identify(src) by extension 'ignore_ament_install'
[0.082s] Level 1:colcon.colcon_core.package_identification:_identify(src) by extensions ['colcon_pkg']
[0.082s] Level 1:colcon.colcon_core.package_identification:_identify(src) by extension 'colcon_pkg'
[0.082s] Level 1:colcon.colcon_core.package_identification:_identify(src) by extensions ['colcon_meta']
[0.082s] Level 1:colcon.colcon_core.package_identification:_identify(src) by extension 'colcon_meta'
[0.082s] Level 1:colcon.colcon_core.package_identification:_identify(src) by extensions ['ros']
[0.082s] Level 1:colcon.colcon_core.package_identification:_identify(src) by extension 'ros'
[0.082s] Level 1:colcon.colcon_core.package_identification:_identify(src) by extensions ['cmake', 'python']
[0.082s] Level 1:colcon.colcon_core.package_identification:_identify(src) by extension 'cmake'
[0.082s] Level 1:colcon.colcon_core.package_identification:_identify(src) by extension 'python'
[0.082s] Level 1:colcon.colcon_core.package_identification:_identify(src) by extensions ['python_setup_py']
[0.082s] Level 1:colcon.colcon_core.package_identification:_identify(src) by extension 'python_setup_py'
[0.082s] Level 1:colcon.colcon_core.package_identification:_identify(src/build) by extensions ['ignore', 'ignore_ament_install']
[0.082s] Level 1:colcon.colcon_core.package_identification:_identify(src/build) by extension 'ignore'
[0.082s] Level 1:colcon.colcon_core.package_identification:_identify(src/build) ignored
[0.082s] Level 1:colcon.colcon_core.package_identification:_identify(src/carBringUp) by extensions ['ignore', 'ignore_ament_install']
[0.082s] Level 1:colcon.colcon_core.package_identification:_identify(src/carBringUp) by extension 'ignore'
[0.082s] Level 1:colcon.colcon_core.package_identification:_identify(src/carBringUp) by extension 'ignore_ament_install'
[0.082s] Level 1:colcon.colcon_core.package_identification:_identify(src/carBringUp) by extensions ['colcon_pkg']
[0.082s] Level 1:colcon.colcon_core.package_identification:_identify(src/carBringUp) by extension 'colcon_pkg'
[0.082s] Level 1:colcon.colcon_core.package_identification:_identify(src/carBringUp) by extensions ['colcon_meta']
[0.082s] Level 1:colcon.colcon_core.package_identification:_identify(src/carBringUp) by extension 'colcon_meta'
[0.082s] Level 1:colcon.colcon_core.package_identification:_identify(src/carBringUp) by extensions ['ros']
[0.082s] Level 1:colcon.colcon_core.package_identification:_identify(src/carBringUp) by extension 'ros'
[0.082s] Level 1:colcon.colcon_core.package_identification:_identify(src/carBringUp) by extensions ['cmake', 'python']
[0.082s] Level 1:colcon.colcon_core.package_identification:_identify(src/carBringUp) by extension 'cmake'
[0.082s] Level 1:colcon.colcon_core.package_identification:_identify(src/carBringUp) by extension 'python'
[0.082s] Level 1:colcon.colcon_core.package_identification:_identify(src/carBringUp) by extensions ['python_setup_py']
[0.082s] Level 1:colcon.colcon_core.package_identification:_identify(src/carBringUp) by extension 'python_setup_py'
[0.082s] Level 1:colcon.colcon_core.package_identification:_identify(src/carControl) by extensions ['ignore', 'ignore_ament_install']
[0.082s] Level 1:colcon.colcon_core.package_identification:_identify(src/carControl) by extension 'ignore'
[0.082s] Level 1:colcon.colcon_core.package_identification:_identify(src/carControl) by extension 'ignore_ament_install'
[0.082s] Level 1:colcon.colcon_core.package_identification:_identify(src/carControl) by extensions ['colcon_pkg']
[0.082s] Level 1:colcon.colcon_core.package_identification:_identify(src/carControl) by extension 'colcon_pkg'
[0.082s] Level 1:colcon.colcon_core.package_identification:_identify(src/carControl) by extensions ['colcon_meta']
[0.082s] Level 1:colcon.colcon_core.package_identification:_identify(src/carControl) by extension 'colcon_meta'
[0.082s] Level 1:colcon.colcon_core.package_identification:_identify(src/carControl) by extensions ['ros']
[0.082s] Level 1:colcon.colcon_core.package_identification:_identify(src/carControl) by extension 'ros'
[0.082s] Level 1:colcon.colcon_core.package_identification:_identify(src/carControl) by extensions ['cmake', 'python']
[0.082s] Level 1:colcon.colcon_core.package_identification:_identify(src/carControl) by extension 'cmake'
[0.082s] Level 1:colcon.colcon_core.package_identification:_identify(src/carControl) by extension 'python'
[0.082s] Level 1:colcon.colcon_core.package_identification:_identify(src/carControl) by extensions ['python_setup_py']
[0.082s] Level 1:colcon.colcon_core.package_identification:_identify(src/carControl) by extension 'python_setup_py'
[0.082s] Level 1:colcon.colcon_core.package_identification:_identify(src/carDesc) by extensions ['ignore', 'ignore_ament_install']
[0.083s] Level 1:colcon.colcon_core.package_identification:_identify(src/carDesc) by extension 'ignore'
[0.083s] Level 1:colcon.colcon_core.package_identification:_identify(src/carDesc) by extension 'ignore_ament_install'
[0.083s] Level 1:colcon.colcon_core.package_identification:_identify(src/carDesc) by extensions ['colcon_pkg']
[0.083s] Level 1:colcon.colcon_core.package_identification:_identify(src/carDesc) by extension 'colcon_pkg'
[0.083s] Level 1:colcon.colcon_core.package_identification:_identify(src/carDesc) by extensions ['colcon_meta']
[0.083s] Level 1:colcon.colcon_core.package_identification:_identify(src/carDesc) by extension 'colcon_meta'
[0.083s] Level 1:colcon.colcon_core.package_identification:_identify(src/carDesc) by extensions ['ros']
[0.083s] Level 1:colcon.colcon_core.package_identification:_identify(src/carDesc) by extension 'ros'
[0.083s] Level 1:colcon.colcon_core.package_identification:_identify(src/carDesc) by extensions ['cmake', 'python']
[0.083s] Level 1:colcon.colcon_core.package_identification:_identify(src/carDesc) by extension 'cmake'
[0.083s] Level 1:colcon.colcon_core.package_identification:_identify(src/carDesc) by extension 'python'
[0.083s] Level 1:colcon.colcon_core.package_identification:_identify(src/carDesc) by extensions ['python_setup_py']
[0.083s] Level 1:colcon.colcon_core.package_identification:_identify(src/carDesc) by extension 'python_setup_py'
[0.083s] Level 1:colcon.colcon_core.package_identification:_identify(src/carGazebo) by extensions ['ignore', 'ignore_ament_install']
[0.083s] Level 1:colcon.colcon_core.package_identification:_identify(src/carGazebo) by extension 'ignore'
[0.083s] Level 1:colcon.colcon_core.package_identification:_identify(src/carGazebo) by extension 'ignore_ament_install'
[0.083s] Level 1:colcon.colcon_core.package_identification:_identify(src/carGazebo) by extensions ['colcon_pkg']
[0.083s] Level 1:colcon.colcon_core.package_identification:_identify(src/carGazebo) by extension 'colcon_pkg'
[0.083s] Level 1:colcon.colcon_core.package_identification:_identify(src/carGazebo) by extensions ['colcon_meta']
[0.083s] Level 1:colcon.colcon_core.package_identification:_identify(src/carGazebo) by extension 'colcon_meta'
[0.083s] Level 1:colcon.colcon_core.package_identification:_identify(src/carGazebo) by extensions ['ros']
[0.083s] Level 1:colcon.colcon_core.package_identification:_identify(src/carGazebo) by extension 'ros'
[0.083s] Level 1:colcon.colcon_core.package_identification:_identify(src/carGazebo) by extensions ['cmake', 'python']
[0.083s] Level 1:colcon.colcon_core.package_identification:_identify(src/carGazebo) by extension 'cmake'
[0.083s] Level 1:colcon.colcon_core.package_identification:_identify(src/carGazebo) by extension 'python'
[0.083s] Level 1:colcon.colcon_core.package_identification:_identify(src/carGazebo) by extensions ['python_setup_py']
[0.083s] Level 1:colcon.colcon_core.package_identification:_identify(src/carGazebo) by extension 'python_setup_py'
[0.083s] Level 1:colcon.colcon_core.package_identification:_identify(src/carUI) by extensions ['ignore', 'ignore_ament_install']
[0.083s] Level 1:colcon.colcon_core.package_identification:_identify(src/carUI) by extension 'ignore'
[0.083s] Level 1:colcon.colcon_core.package_identification:_identify(src/carUI) by extension 'ignore_ament_install'
[0.083s] Level 1:colcon.colcon_core.package_identification:_identify(src/carUI) by extensions ['colcon_pkg']
[0.083s] Level 1:colcon.colcon_core.package_identification:_identify(src/carUI) by extension 'colcon_pkg'
[0.083s] Level 1:colcon.colcon_core.package_identification:_identify(src/carUI) by extensions ['colcon_meta']
[0.083s] Level 1:colcon.colcon_core.package_identification:_identify(src/carUI) by extension 'colcon_meta'
[0.083s] Level 1:colcon.colcon_core.package_identification:_identify(src/carUI) by extensions ['ros']
[0.083s] Level 1:colcon.colcon_core.package_identification:_identify(src/carUI) by extension 'ros'
[0.083s] Level 1:colcon.colcon_core.package_identification:_identify(src/carUI) by extensions ['cmake', 'python']
[0.083s] Level 1:colcon.colcon_core.package_identification:_identify(src/carUI) by extension 'cmake'
[0.083s] Level 1:colcon.colcon_core.package_identification:_identify(src/carUI) by extension 'python'
[0.083s] Level 1:colcon.colcon_core.package_identification:_identify(src/carUI) by extensions ['python_setup_py']
[0.083s] Level 1:colcon.colcon_core.package_identification:_identify(src/carUI) by extension 'python_setup_py'
[0.083s] Level 1:colcon.colcon_core.package_identification:_identify(src/demo_gazebo) by extensions ['ignore', 'ignore_ament_install']
[0.083s] Level 1:colcon.colcon_core.package_identification:_identify(src/demo_gazebo) by extension 'ignore'
[0.083s] Level 1:colcon.colcon_core.package_identification:_identify(src/demo_gazebo) by extension 'ignore_ament_install'
[0.083s] Level 1:colcon.colcon_core.package_identification:_identify(src/demo_gazebo) by extensions ['colcon_pkg']
[0.083s] Level 1:colcon.colcon_core.package_identification:_identify(src/demo_gazebo) by extension 'colcon_pkg'
[0.083s] Level 1:colcon.colcon_core.package_identification:_identify(src/demo_gazebo) by extensions ['colcon_meta']
[0.083s] Level 1:colcon.colcon_core.package_identification:_identify(src/demo_gazebo) by extension 'colcon_meta'
[0.083s] Level 1:colcon.colcon_core.package_identification:_identify(src/demo_gazebo) by extensions ['ros']
[0.083s] Level 1:colcon.colcon_core.package_identification:_identify(src/demo_gazebo) by extension 'ros'
[0.085s] DEBUG:colcon.colcon_core.package_identification:Package 'src/demo_gazebo' with type 'ros.ament_python' and name 'demo_gazebo'
[0.085s] Level 1:colcon.colcon_core.package_identification:_identify(src/demo_teleop) by extensions ['ignore', 'ignore_ament_install']
[0.085s] Level 1:colcon.colcon_core.package_identification:_identify(src/demo_teleop) by extension 'ignore'
[0.085s] Level 1:colcon.colcon_core.package_identification:_identify(src/demo_teleop) by extension 'ignore_ament_install'
[0.085s] Level 1:colcon.colcon_core.package_identification:_identify(src/demo_teleop) by extensions ['colcon_pkg']
[0.085s] Level 1:colcon.colcon_core.package_identification:_identify(src/demo_teleop) by extension 'colcon_pkg'
[0.085s] Level 1:colcon.colcon_core.package_identification:_identify(src/demo_teleop) by extensions ['colcon_meta']
[0.085s] Level 1:colcon.colcon_core.package_identification:_identify(src/demo_teleop) by extension 'colcon_meta'
[0.085s] Level 1:colcon.colcon_core.package_identification:_identify(src/demo_teleop) by extensions ['ros']
[0.085s] Level 1:colcon.colcon_core.package_identification:_identify(src/demo_teleop) by extension 'ros'
[0.085s] DEBUG:colcon.colcon_core.package_identification:Package 'src/demo_teleop' with type 'ros.ament_python' and name 'demo_teleop'
[0.085s] Level 1:colcon.colcon_core.package_identification:_identify(src/install) by extensions ['ignore', 'ignore_ament_install']
[0.085s] Level 1:colcon.colcon_core.package_identification:_identify(src/install) by extension 'ignore'
[0.085s] Level 1:colcon.colcon_core.package_identification:_identify(src/install) ignored
[0.085s] Level 1:colcon.colcon_core.package_identification:_identify(src/log) by extensions ['ignore', 'ignore_ament_install']
[0.085s] Level 1:colcon.colcon_core.package_identification:_identify(src/log) by extension 'ignore'
[0.085s] Level 1:colcon.colcon_core.package_identification:_identify(src/log) ignored
[0.085s] Level 1:colcon.colcon_core.package_discovery:discover_packages(recursive) using defaults
[0.085s] Level 1:colcon.colcon_core.package_discovery:discover_packages(ignore) discover
[0.085s] Level 1:colcon.colcon_core.package_discovery:discover_packages(ignore) using defaults
[0.085s] Level 1:colcon.colcon_core.package_discovery:discover_packages(path) discover
[0.086s] Level 1:colcon.colcon_core.package_discovery:discover_packages(path) using defaults
[0.095s] Level 5:colcon.colcon_core.verb:set package 'demo_gazebo' build argument 'cmake_args' from command line to 'None'
[0.095s] Level 5:colcon.colcon_core.verb:set package 'demo_gazebo' build argument 'cmake_target' from command line to 'None'
[0.095s] Level 5:colcon.colcon_core.verb:set package 'demo_gazebo' build argument 'cmake_target_skip_unavailable' from command line to 'False'
[0.095s] Level 5:colcon.colcon_core.verb:set package 'demo_gazebo' build argument 'cmake_clean_cache' from command line to 'False'
[0.095s] Level 5:colcon.colcon_core.verb:set package 'demo_gazebo' build argument 'cmake_clean_first' from command line to 'False'
[0.095s] Level 5:colcon.colcon_core.verb:set package 'demo_gazebo' build argument 'cmake_force_configure' from command line to 'False'
[0.095s] Level 5:colcon.colcon_core.verb:set package 'demo_gazebo' build argument 'ament_cmake_args' from command line to 'None'
[0.095s] Level 5:colcon.colcon_core.verb:set package 'demo_gazebo' build argument 'catkin_cmake_args' from command line to 'None'
[0.095s] Level 5:colcon.colcon_core.verb:set package 'demo_gazebo' build argument 'catkin_skip_building_tests' from command line to 'False'
[0.095s] DEBUG:colcon.colcon_core.verb:Building package 'demo_gazebo' with the following arguments: {'ament_cmake_args': None, 'build_base': '/home/pawlak/sketch2nav/ros2ws/build/demo_gazebo', 'catkin_cmake_args': None, 'catkin_skip_building_tests': False, 'cmake_args': None, 'cmake_clean_cache': False, 'cmake_clean_first': False, 'cmake_force_configure': False, 'cmake_target': None, 'cmake_target_skip_unavailable': False, 'install_base': '/home/pawlak/sketch2nav/ros2ws/install/demo_gazebo', 'merge_install': False, 'path': '/home/pawlak/sketch2nav/ros2ws/src/demo_gazebo', 'symlink_install': True, 'test_result_base': None}
[0.095s] Level 5:colcon.colcon_core.verb:set package 'demo_teleop' build argument 'cmake_args' from command line to 'None'
[0.095s] Level 5:colcon.colcon_core.verb:set package 'demo_teleop' build argument 'cmake_target' from command line to 'None'
[0.095s] Level 5:colcon.colcon_core.verb:set package 'demo_teleop' build argument 'cmake_target_skip_unavailable' from command line to 'False'
[0.095s] Level 5:colcon.colcon_core.verb:set package 'demo_teleop' build argument 'cmake_clean_cache' from command line to 'False'
[0.095s] Level 5:colcon.colcon_core.verb:set package 'demo_teleop' build argument 'cmake_clean_first' from command line to 'False'
[0.095s] Level 5:colcon.colcon_core.verb:set package 'demo_teleop' build argument 'cmake_force_configure' from command line to 'False'
[0.095s] Level 5:colcon.colcon_core.verb:set package 'demo_teleop' build argument 'ament_cmake_args' from command line to 'None'
[0.095s] Level 5:colcon.colcon_core.verb:set package 'demo_teleop' build argument 'catkin_cmake_args' from command line to 'None'
[0.095s] Level 5:colcon.colcon_core.verb:set package 'demo_teleop' build argument 'catkin_skip_building_tests' from command line to 'False'
[0.095s] DEBUG:colcon.colcon_core.verb:Building package 'demo_teleop' with the following arguments: {'ament_cmake_args': None, 'build_base': '/home/pawlak/sketch2nav/ros2ws/build/demo_teleop', 'catkin_cmake_args': None, 'catkin_skip_building_tests': False, 'cmake_args': None, 'cmake_clean_cache': False, 'cmake_clean_first': False, 'cmake_force_configure': False, 'cmake_target': None, 'cmake_target_skip_unavailable': False, 'install_base': '/home/pawlak/sketch2nav/ros2ws/install/demo_teleop', 'merge_install': False, 'path': '/home/pawlak/sketch2nav/ros2ws/src/demo_teleop', 'symlink_install': True, 'test_result_base': None}
[0.095s] INFO:colcon.colcon_core.executor:Executing jobs using 'parallel' executor
[0.096s] DEBUG:colcon.colcon_parallel_executor.executor.parallel:run_until_complete
[0.096s] INFO:colcon.colcon_ros.task.ament_python.build:Building ROS package in '/home/pawlak/sketch2nav/ros2ws/src/demo_gazebo' with build type 'ament_python'
[0.096s] Level 1:colcon.colcon_core.shell:create_environment_hook('demo_gazebo', 'ament_prefix_path')
[0.097s] INFO:colcon.colcon_core.plugin_system:Skipping extension 'colcon_core.shell.bat': Not used on non-Windows systems
[0.097s] INFO:colcon.colcon_core.shell:Creating environment descriptor '/home/pawlak/sketch2nav/ros2ws/install/demo_gazebo/share/demo_gazebo/hook/ament_prefix_path.dsv'
[0.098s] INFO:colcon.colcon_core.shell:Creating environment hook '/home/pawlak/sketch2nav/ros2ws/install/demo_gazebo/share/demo_gazebo/hook/ament_prefix_path.sh'
[0.098s] DEBUG:colcon.colcon_core.shell:Skip shell extension 'dsv' for command environment
[0.100s] INFO:colcon.colcon_ros.task.ament_python.build:Building ROS package in '/home/pawlak/sketch2nav/ros2ws/src/demo_teleop' with build type 'ament_python'
[0.100s] Level 1:colcon.colcon_core.shell:create_environment_hook('demo_teleop', 'ament_prefix_path')
[0.100s] INFO:colcon.colcon_core.shell:Creating environment descriptor '/home/pawlak/sketch2nav/ros2ws/install/demo_teleop/share/demo_teleop/hook/ament_prefix_path.dsv'
[0.100s] INFO:colcon.colcon_core.shell:Creating environment hook '/home/pawlak/sketch2nav/ros2ws/install/demo_teleop/share/demo_teleop/hook/ament_prefix_path.sh'
[0.101s] DEBUG:colcon.colcon_core.shell:Skip shell extension 'dsv' for command environment
[0.201s] INFO:colcon.colcon_core.task.python.build:Building Python package in '/home/pawlak/sketch2nav/ros2ws/src/demo_gazebo'
[0.201s] DEBUG:colcon.colcon_core.shell:Skip shell extension 'dsv' for command environment
[0.290s] INFO:colcon.colcon_core.task.python.build:Building Python package in '/home/pawlak/sketch2nav/ros2ws/src/demo_teleop'
[0.290s] DEBUG:colcon.colcon_core.shell:Skip shell extension 'dsv' for command environment
[1.201s] DEBUG:colcon.colcon_core.event_handler.log_command:Invoking command in '/home/pawlak/sketch2nav/ros2ws/build/demo_gazebo': DEBUGINFOD_URLS=https://debuginfod.ubuntu.com PYTHONPATH=/home/pawlak/sketch2nav/ros2ws/build/demo_gazebo/prefix_override:/usr/lib/python3/dist-packages/colcon_core/task/python/colcon_distutils_commands:/home/pawlak/sketch2nav/ros2ws/install/demo_gazebo/lib/python3.12/site-packages:${PYTHONPATH} /usr/bin/python3 -W ignore:setup.py install is deprecated -W ignore:easy_install command is deprecated setup.py develop --editable --build-directory /home/pawlak/sketch2nav/ros2ws/build/demo_gazebo/build --no-deps symlink_data
[1.202s] DEBUG:colcon.colcon_core.event_handler.log_command:Invoking command in '/home/pawlak/sketch2nav/ros2ws/build/demo_teleop': DEBUGINFOD_URLS=https://debuginfod.ubuntu.com PYTHONPATH=/home/pawlak/sketch2nav/ros2ws/build/demo_teleop/prefix_override:/usr/lib/python3/dist-packages/colcon_core/task/python/colcon_distutils_commands:/home/pawlak/sketch2nav/ros2ws/install/demo_teleop/lib/python3.12/site-packages:${PYTHONPATH} /usr/bin/python3 -W ignore:setup.py install is deprecated -W ignore:easy_install command is deprecated setup.py develop --editable --build-directory /home/pawlak/sketch2nav/ros2ws/build/demo_teleop/build --no-deps symlink_data
[1.414s] Level 1:colcon.colcon_core.shell:create_environment_hook('demo_gazebo', 'pythonpath_develop')
[1.414s] INFO:colcon.colcon_core.shell:Creating environment descriptor '/home/pawlak/sketch2nav/ros2ws/build/demo_gazebo/share/demo_gazebo/hook/pythonpath_develop.dsv'
[1.414s] DEBUG:colcon.colcon_core.event_handler.log_command:Invoked command in '/home/pawlak/sketch2nav/ros2ws/build/demo_gazebo' returned '0': DEBUGINFOD_URLS=https://debuginfod.ubuntu.com PYTHONPATH=/home/pawlak/sketch2nav/ros2ws/build/demo_gazebo/prefix_override:/usr/lib/python3/dist-packages/colcon_core/task/python/colcon_distutils_commands:/home/pawlak/sketch2nav/ros2ws/install/demo_gazebo/lib/python3.12/site-packages:${PYTHONPATH} /usr/bin/python3 -W ignore:setup.py install is deprecated -W ignore:easy_install command is deprecated setup.py develop --editable --build-directory /home/pawlak/sketch2nav/ros2ws/build/demo_gazebo/build --no-deps symlink_data
[1.414s] INFO:colcon.colcon_core.shell:Creating environment hook '/home/pawlak/sketch2nav/ros2ws/build/demo_gazebo/share/demo_gazebo/hook/pythonpath_develop.sh'
[1.415s] Level 1:colcon.colcon_core.environment:checking '/home/pawlak/sketch2nav/ros2ws/install/demo_gazebo' for CMake module files
[1.416s] Level 1:colcon.colcon_core.environment:checking '/home/pawlak/sketch2nav/ros2ws/install/demo_gazebo' for CMake config files
[1.416s] Level 1:colcon.colcon_core.environment:checking '/home/pawlak/sketch2nav/ros2ws/install/demo_gazebo/lib'
[1.416s] Level 1:colcon.colcon_core.environment:checking '/home/pawlak/sketch2nav/ros2ws/install/demo_gazebo/bin'
[1.416s] Level 1:colcon.colcon_core.environment:checking '/home/pawlak/sketch2nav/ros2ws/install/demo_gazebo/lib/pkgconfig/demo_gazebo.pc'
[1.416s] Level 1:colcon.colcon_core.environment:checking '/home/pawlak/sketch2nav/ros2ws/install/demo_gazebo/lib/python3.12/site-packages'
[1.416s] Level 1:colcon.colcon_core.shell:create_environment_hook('demo_gazebo', 'pythonpath')
[1.416s] INFO:colcon.colcon_core.shell:Creating environment descriptor '/home/pawlak/sketch2nav/ros2ws/install/demo_gazebo/share/demo_gazebo/hook/pythonpath.dsv'
[1.416s] INFO:colcon.colcon_core.shell:Creating environment hook '/home/pawlak/sketch2nav/ros2ws/install/demo_gazebo/share/demo_gazebo/hook/pythonpath.sh'
[1.417s] Level 1:colcon.colcon_core.environment:checking '/home/pawlak/sketch2nav/ros2ws/install/demo_gazebo/bin'
[1.417s] Level 1:colcon.colcon_core.environment:create_environment_scripts_only(demo_gazebo)
[1.417s] INFO:colcon.colcon_core.shell:Creating package descriptor '/home/pawlak/sketch2nav/ros2ws/install/demo_gazebo/share/demo_gazebo/package.dsv'
[1.417s] INFO:colcon.colcon_core.shell:Creating package script '/home/pawlak/sketch2nav/ros2ws/install/demo_gazebo/share/demo_gazebo/package.sh'
[1.417s] INFO:colcon.colcon_core.shell:Creating package script '/home/pawlak/sketch2nav/ros2ws/install/demo_gazebo/share/demo_gazebo/package.bash'
[1.417s] INFO:colcon.colcon_core.shell:Creating package script '/home/pawlak/sketch2nav/ros2ws/install/demo_gazebo/share/demo_gazebo/package.zsh'
[1.417s] Level 1:colcon.colcon_core.environment:create_file_with_runtime_dependencies(/home/pawlak/sketch2nav/ros2ws/install/demo_gazebo/share/colcon-core/packages/demo_gazebo)
[1.418s] Level 1:colcon.colcon_core.shell:create_environment_hook('demo_teleop', 'pythonpath_develop')
[1.418s] INFO:colcon.colcon_core.shell:Creating environment descriptor '/home/pawlak/sketch2nav/ros2ws/build/demo_teleop/share/demo_teleop/hook/pythonpath_develop.dsv'
[1.418s] DEBUG:colcon.colcon_core.event_handler.log_command:Invoked command in '/home/pawlak/sketch2nav/ros2ws/build/demo_teleop' returned '0': DEBUGINFOD_URLS=https://debuginfod.ubuntu.com PYTHONPATH=/home/pawlak/sketch2nav/ros2ws/build/demo_teleop/prefix_override:/usr/lib/python3/dist-packages/colcon_core/task/python/colcon_distutils_commands:/home/pawlak/sketch2nav/ros2ws/install/demo_teleop/lib/python3.12/site-packages:${PYTHONPATH} /usr/bin/python3 -W ignore:setup.py install is deprecated -W ignore:easy_install command is deprecated setup.py develop --editable --build-directory /home/pawlak/sketch2nav/ros2ws/build/demo_teleop/build --no-deps symlink_data
[1.418s] INFO:colcon.colcon_core.shell:Creating environment hook '/home/pawlak/sketch2nav/ros2ws/build/demo_teleop/share/demo_teleop/hook/pythonpath_develop.sh'
[1.419s] Level 1:colcon.colcon_core.environment:checking '/home/pawlak/sketch2nav/ros2ws/install/demo_teleop' for CMake module files
[1.419s] Level 1:colcon.colcon_core.environment:checking '/home/pawlak/sketch2nav/ros2ws/install/demo_teleop' for CMake config files
[1.419s] Level 1:colcon.colcon_core.environment:checking '/home/pawlak/sketch2nav/ros2ws/install/demo_teleop/lib'
[1.419s] Level 1:colcon.colcon_core.environment:checking '/home/pawlak/sketch2nav/ros2ws/install/demo_teleop/bin'
[1.419s] Level 1:colcon.colcon_core.environment:checking '/home/pawlak/sketch2nav/ros2ws/install/demo_teleop/lib/pkgconfig/demo_teleop.pc'
[1.419s] Level 1:colcon.colcon_core.environment:checking '/home/pawlak/sketch2nav/ros2ws/install/demo_teleop/lib/python3.12/site-packages'
[1.419s] Level 1:colcon.colcon_core.shell:create_environment_hook('demo_teleop', 'pythonpath')
[1.419s] INFO:colcon.colcon_core.shell:Creating environment descriptor '/home/pawlak/sketch2nav/ros2ws/install/demo_teleop/share/demo_teleop/hook/pythonpath.dsv'
[1.419s] INFO:colcon.colcon_core.shell:Creating environment hook '/home/pawlak/sketch2nav/ros2ws/install/demo_teleop/share/demo_teleop/hook/pythonpath.sh'
[1.419s] Level 1:colcon.colcon_core.environment:checking '/home/pawlak/sketch2nav/ros2ws/install/demo_teleop/bin'
[1.419s] Level 1:colcon.colcon_core.environment:create_environment_scripts_only(demo_teleop)
[1.420s] INFO:colcon.colcon_core.shell:Creating package descriptor '/home/pawlak/sketch2nav/ros2ws/install/demo_teleop/share/demo_teleop/package.dsv'
[1.420s] INFO:colcon.colcon_core.shell:Creating package script '/home/pawlak/sketch2nav/ros2ws/install/demo_teleop/share/demo_teleop/package.sh'
[1.420s] INFO:colcon.colcon_core.shell:Creating package script '/home/pawlak/sketch2nav/ros2ws/install/demo_teleop/share/demo_teleop/package.bash'
[1.420s] INFO:colcon.colcon_core.shell:Creating package script '/home/pawlak/sketch2nav/ros2ws/install/demo_teleop/share/demo_teleop/package.zsh'
[1.420s] Level 1:colcon.colcon_core.environment:create_file_with_runtime_dependencies(/home/pawlak/sketch2nav/ros2ws/install/demo_teleop/share/colcon-core/packages/demo_teleop)
[1.420s] DEBUG:colcon.colcon_parallel_executor.executor.parallel:closing loop
[1.420s] DEBUG:colcon.colcon_parallel_executor.executor.parallel:loop closed
[1.420s] DEBUG:colcon.colcon_parallel_executor.executor.parallel:run_until_complete finished with '0'
[1.420s] DEBUG:colcon.colcon_core.event_reactor:joining thread
[1.422s] INFO:colcon.colcon_core.plugin_system:Skipping extension 'colcon_notification.desktop_notification.terminal_notifier': Not used on non-Darwin systems
[1.422s] INFO:colcon.colcon_core.plugin_system:Skipping extension 'colcon_notification.desktop_notification.win32': Not used on non-Windows systems
[1.423s] INFO:colcon.colcon_notification.desktop_notification:Sending desktop notification using 'notify2'
[1.429s] DEBUG:colcon.colcon_core.event_reactor:joined thread
[1.429s] INFO:colcon.colcon_core.shell:Creating prefix script '/home/pawlak/sketch2nav/ros2ws/install/local_setup.sh'
[1.429s] INFO:colcon.colcon_core.shell:Creating prefix util module '/home/pawlak/sketch2nav/ros2ws/install/_local_setup_util_sh.py'
[1.429s] INFO:colcon.colcon_core.shell:Creating prefix chain script '/home/pawlak/sketch2nav/ros2ws/install/setup.sh'
[1.430s] INFO:colcon.colcon_core.shell:Creating prefix script '/home/pawlak/sketch2nav/ros2ws/install/local_setup.bash'
[1.430s] INFO:colcon.colcon_core.shell:Creating prefix chain script '/home/pawlak/sketch2nav/ros2ws/install/setup.bash'
[1.430s] INFO:colcon.colcon_core.shell:Creating prefix script '/home/pawlak/sketch2nav/ros2ws/install/local_setup.zsh'
[1.430s] INFO:colcon.colcon_core.shell:Creating prefix chain script '/home/pawlak/sketch2nav/ros2ws/install/setup.zsh'
