running develop
running egg_info
creating demo_teleop.egg-info
writing demo_teleop.egg-info/PKG-INFO
writing dependency_links to demo_teleop.egg-info/dependency_links.txt
writing entry points to demo_teleop.egg-info/entry_points.txt
writing requirements to demo_teleop.egg-info/requires.txt
writing top-level names to demo_teleop.egg-info/top_level.txt
writing manifest file 'demo_teleop.egg-info/SOURCES.txt'
reading manifest file 'demo_teleop.egg-info/SOURCES.txt'
writing manifest file 'demo_teleop.egg-info/SOURCES.txt'
running build_ext
Creating /home/pawlak/sketch2nav/ros2ws/install/demo_teleop/lib/python3.12/site-packages/demo-teleop.egg-link (link to .)
Installing teleop script to /home/pawlak/sketch2nav/ros2ws/install/demo_teleop/lib/demo_teleop

Installed /home/pawlak/sketch2nav/ros2ws/build/demo_teleop
running symlink_data
creating /home/pawlak/sketch2nav/ros2ws/install/demo_teleop/share/ament_index
creating /home/pawlak/sketch2nav/ros2ws/install/demo_teleop/share/ament_index/resource_index
creating /home/pawlak/sketch2nav/ros2ws/install/demo_teleop/share/ament_index/resource_index/packages
symbolically linking /home/pawlak/sketch2nav/ros2ws/build/demo_teleop/resource/demo_teleop -> /home/pawlak/sketch2nav/ros2ws/install/demo_teleop/share/ament_index/resource_index/packages
symbolically linking /home/pawlak/sketch2nav/ros2ws/build/demo_teleop/package.xml -> /home/pawlak/sketch2nav/ros2ws/install/demo_teleop/share/demo_teleop
