[1.102s] Invoking command in '/home/pawlak/sketch2nav/ros2ws/build/demo_teleop': DEBUGINFOD_URLS=https://debuginfod.ubuntu.com PYTHONPATH=/home/pawlak/sketch2nav/ros2ws/build/demo_teleop/prefix_override:/usr/lib/python3/dist-packages/colcon_core/task/python/colcon_distutils_commands:/home/pawlak/sketch2nav/ros2ws/install/demo_teleop/lib/python3.12/site-packages:${PYTHONPATH} /usr/bin/python3 -W ignore:setup.py install is deprecated -W ignore:easy_install command is deprecated setup.py develop --editable --build-directory /home/pawlak/sketch2nav/ros2ws/build/demo_teleop/build --no-deps symlink_data
[1.220s] running develop
[1.276s] running egg_info
[1.276s] creating demo_teleop.egg-info
[1.281s] writing demo_teleop.egg-info/PKG-INFO
[1.281s] writing dependency_links to demo_teleop.egg-info/dependency_links.txt
[1.281s] writing entry points to demo_teleop.egg-info/entry_points.txt
[1.281s] writing requirements to demo_teleop.egg-info/requires.txt
[1.281s] writing top-level names to demo_teleop.egg-info/top_level.txt
[1.281s] writing manifest file 'demo_teleop.egg-info/SOURCES.txt'
[1.292s] reading manifest file 'demo_teleop.egg-info/SOURCES.txt'
[1.292s] writing manifest file 'demo_teleop.egg-info/SOURCES.txt'
[1.298s] running build_ext
[1.298s] Creating /home/pawlak/sketch2nav/ros2ws/install/demo_teleop/lib/python3.12/site-packages/demo-teleop.egg-link (link to .)
[1.299s] Installing teleop script to /home/pawlak/sketch2nav/ros2ws/install/demo_teleop/lib/demo_teleop
[1.299s] 
[1.299s] Installed /home/pawlak/sketch2nav/ros2ws/build/demo_teleop
[1.299s] running symlink_data
[1.299s] creating /home/pawlak/sketch2nav/ros2ws/install/demo_teleop/share/ament_index
[1.299s] creating /home/pawlak/sketch2nav/ros2ws/install/demo_teleop/share/ament_index/resource_index
[1.299s] creating /home/pawlak/sketch2nav/ros2ws/install/demo_teleop/share/ament_index/resource_index/packages
[1.299s] symbolically linking /home/pawlak/sketch2nav/ros2ws/build/demo_teleop/resource/demo_teleop -> /home/pawlak/sketch2nav/ros2ws/install/demo_teleop/share/ament_index/resource_index/packages
[1.299s] symbolically linking /home/pawlak/sketch2nav/ros2ws/build/demo_teleop/package.xml -> /home/pawlak/sketch2nav/ros2ws/install/demo_teleop/share/demo_teleop
[1.318s] Invoked command in '/home/pawlak/sketch2nav/ros2ws/build/demo_teleop' returned '0': DEBUGINFOD_URLS=https://debuginfod.ubuntu.com PYTHONPATH=/home/pawlak/sketch2nav/ros2ws/build/demo_teleop/prefix_override:/usr/lib/python3/dist-packages/colcon_core/task/python/colcon_distutils_commands:/home/pawlak/sketch2nav/ros2ws/install/demo_teleop/lib/python3.12/site-packages:${PYTHONPATH} /usr/bin/python3 -W ignore:setup.py install is deprecated -W ignore:easy_install command is deprecated setup.py develop --editable --build-directory /home/pawlak/sketch2nav/ros2ws/build/demo_teleop/build --no-deps symlink_data
