[1.105s] Invoking command in '/home/pawlak/sketch2nav/ros2ws/build/demo_gazebo': DEBUGINFOD_URLS=https://debuginfod.ubuntu.com PYTHONPATH=/home/pawlak/sketch2nav/ros2ws/build/demo_gazebo/prefix_override:/usr/lib/python3/dist-packages/colcon_core/task/python/colcon_distutils_commands:/home/pawlak/sketch2nav/ros2ws/install/demo_gazebo/lib/python3.12/site-packages:${PYTHONPATH} /usr/bin/python3 -W ignore:setup.py install is deprecated -W ignore:easy_install command is deprecated setup.py develop --editable --build-directory /home/pawlak/sketch2nav/ros2ws/build/demo_gazebo/build --no-deps symlink_data
[1.224s] running develop
[1.279s] running egg_info
[1.279s] creating demo_gazebo.egg-info
[1.284s] writing demo_gazebo.egg-info/PKG-INFO
[1.285s] writing dependency_links to demo_gazebo.egg-info/dependency_links.txt
[1.285s] writing requirements to demo_gazebo.egg-info/requires.txt
[1.285s] writing top-level names to demo_gazebo.egg-info/top_level.txt
[1.285s] writing manifest file 'demo_gazebo.egg-info/SOURCES.txt'
[1.296s] reading manifest file 'demo_gazebo.egg-info/SOURCES.txt'
[1.296s] writing manifest file 'demo_gazebo.egg-info/SOURCES.txt'
[1.302s] running build_ext
[1.302s] Creating /home/pawlak/sketch2nav/ros2ws/install/demo_gazebo/lib/python3.12/site-packages/demo-gazebo.egg-link (link to .)
[1.302s] 
[1.302s] Installed /home/pawlak/sketch2nav/ros2ws/build/demo_gazebo
[1.302s] running symlink_data
[1.302s] creating /home/pawlak/sketch2nav/ros2ws/install/demo_gazebo/share/ament_index
[1.302s] creating /home/pawlak/sketch2nav/ros2ws/install/demo_gazebo/share/ament_index/resource_index
[1.302s] creating /home/pawlak/sketch2nav/ros2ws/install/demo_gazebo/share/ament_index/resource_index/packages
[1.303s] symbolically linking /home/pawlak/sketch2nav/ros2ws/build/demo_gazebo/resource/demo_gazebo -> /home/pawlak/sketch2nav/ros2ws/install/demo_gazebo/share/ament_index/resource_index/packages
[1.303s] symbolically linking /home/pawlak/sketch2nav/ros2ws/build/demo_gazebo/package.xml -> /home/pawlak/sketch2nav/ros2ws/install/demo_gazebo/share/demo_gazebo
[1.303s] creating /home/pawlak/sketch2nav/ros2ws/install/demo_gazebo/share/demo_gazebo/launch
[1.303s] symbolically linking /home/pawlak/sketch2nav/ros2ws/build/demo_gazebo/launch/sim.launch.py -> /home/pawlak/sketch2nav/ros2ws/install/demo_gazebo/share/demo_gazebo/launch
[1.303s] creating /home/pawlak/sketch2nav/ros2ws/install/demo_gazebo/share/demo_gazebo/worlds
[1.303s] symbolically linking /home/pawlak/sketch2nav/ros2ws/build/demo_gazebo/worlds/empty.sdf -> /home/pawlak/sketch2nav/ros2ws/install/demo_gazebo/share/demo_gazebo/worlds
[1.303s] creating /home/pawlak/sketch2nav/ros2ws/install/demo_gazebo/share/demo_gazebo/models
[1.303s] creating /home/pawlak/sketch2nav/ros2ws/install/demo_gazebo/share/demo_gazebo/models/demo
[1.303s] symbolically linking /home/pawlak/sketch2nav/ros2ws/build/demo_gazebo/models/demo/model.sdf -> /home/pawlak/sketch2nav/ros2ws/install/demo_gazebo/share/demo_gazebo/models/demo
[1.318s] Invoked command in '/home/pawlak/sketch2nav/ros2ws/build/demo_gazebo' returned '0': DEBUGINFOD_URLS=https://debuginfod.ubuntu.com PYTHONPATH=/home/pawlak/sketch2nav/ros2ws/build/demo_gazebo/prefix_override:/usr/lib/python3/dist-packages/colcon_core/task/python/colcon_distutils_commands:/home/pawlak/sketch2nav/ros2ws/install/demo_gazebo/lib/python3.12/site-packages:${PYTHONPATH} /usr/bin/python3 -W ignore:setup.py install is deprecated -W ignore:easy_install command is deprecated setup.py develop --editable --build-directory /home/pawlak/sketch2nav/ros2ws/build/demo_gazebo/build --no-deps symlink_data
